Info: Starting: Create block symbol file (.bsf)
Info: qsys-generate C:\Users\diego\OneDrive\Documents\Work\~Year_2\Information_Processing\infoProc22\FPGA\Quartus\nios_accelerometer.qsys --block-symbol-file --output-directory=C:\Users\diego\OneDrive\Documents\Work\~Year_2\Information_Processing\infoProc22\FPGA\Quartus\nios_accelerometer --family="MAX 10" --part=10M50DAF484C7G
Progress: Loading Quartus/nios_accelerometer.qsys
Progress: Reading input file
Progress: Adding Switches [altera_avalon_pio 20.1]
Progress: Parameterizing module Switches
Progress: Adding accelerometer_spi [altera_up_avalon_accelerometer_spi 18.0]
Progress: Parameterizing module accelerometer_spi
Progress: Adding buttons [altera_avalon_pio 20.1]
Progress: Parameterizing module buttons
Progress: Adding clk [clock_source 20.1]
Progress: Parameterizing module clk
Progress: Adding cpu [altera_nios2_gen2 20.1]
Progress: Parameterizing module cpu
Progress: Adding hex_0 [altera_avalon_pio 20.1]
Progress: Parameterizing module hex_0
Progress: Adding hex_1 [altera_avalon_pio 20.1]
Progress: Parameterizing module hex_1
Progress: Adding hex_2 [altera_avalon_pio 20.1]
Progress: Parameterizing module hex_2
Progress: Adding hex_3 [altera_avalon_pio 20.1]
Progress: Parameterizing module hex_3
Progress: Adding hex_4 [altera_avalon_pio 20.1]
Progress: Parameterizing module hex_4
Progress: Adding hex_5 [altera_avalon_pio 20.1]
Progress: Parameterizing module hex_5
Progress: Adding jtag_uart [altera_avalon_jtag_uart 20.1]
Progress: Parameterizing module jtag_uart
Progress: Adding led [altera_avalon_pio 20.1]
Progress: Parameterizing module led
Progress: Adding led_timer [altera_avalon_timer 20.1]
Progress: Parameterizing module led_timer
Progress: Adding onchip_memory [altera_avalon_onchip_memory2 20.1]
Progress: Parameterizing module onchip_memory
Progress: Adding timer [altera_avalon_timer 20.1]
Progress: Parameterizing module timer
Progress: Building connections
Progress: Parameterizing connections
Progress: Validating
Progress: Done reading input file
Info: nios_accelerometer.Switches: PIO inputs are not hardwired in test bench. Undefined values will be read from PIO inputs during simulation.
Info: nios_accelerometer.buttons: PIO inputs are not hardwired in test bench. Undefined values will be read from PIO inputs during simulation.
Info: nios_accelerometer.jtag_uart: JTAG UART IP input clock need to be at least double (2x) the operating frequency of JTAG TCK on board
Info: qsys-generate succeeded.
Info: Finished: Create block symbol file (.bsf)
Info: 
Info: Starting: Create HDL design files for synthesis
Info: qsys-generate C:\Users\diego\OneDrive\Documents\Work\~Year_2\Information_Processing\infoProc22\FPGA\Quartus\nios_accelerometer.qsys --synthesis=VERILOG --output-directory=C:\Users\diego\OneDrive\Documents\Work\~Year_2\Information_Processing\infoProc22\FPGA\Quartus\nios_accelerometer\synthesis --family="MAX 10" --part=10M50DAF484C7G
Progress: Loading Quartus/nios_accelerometer.qsys
Progress: Reading input file
Progress: Adding Switches [altera_avalon_pio 20.1]
Progress: Parameterizing module Switches
Progress: Adding accelerometer_spi [altera_up_avalon_accelerometer_spi 18.0]
Progress: Parameterizing module accelerometer_spi
Progress: Adding buttons [altera_avalon_pio 20.1]
Progress: Parameterizing module buttons
Progress: Adding clk [clock_source 20.1]
Progress: Parameterizing module clk
Progress: Adding cpu [altera_nios2_gen2 20.1]
Progress: Parameterizing module cpu
Progress: Adding hex_0 [altera_avalon_pio 20.1]
Progress: Parameterizing module hex_0
Progress: Adding hex_1 [altera_avalon_pio 20.1]
Progress: Parameterizing module hex_1
Progress: Adding hex_2 [altera_avalon_pio 20.1]
Progress: Parameterizing module hex_2
Progress: Adding hex_3 [altera_avalon_pio 20.1]
Progress: Parameterizing module hex_3
Progress: Adding hex_4 [altera_avalon_pio 20.1]
Progress: Parameterizing module hex_4
Progress: Adding hex_5 [altera_avalon_pio 20.1]
Progress: Parameterizing module hex_5
Progress: Adding jtag_uart [altera_avalon_jtag_uart 20.1]
Progress: Parameterizing module jtag_uart
Progress: Adding led [altera_avalon_pio 20.1]
Progress: Parameterizing module led
Progress: Adding led_timer [altera_avalon_timer 20.1]
Progress: Parameterizing module led_timer
Progress: Adding onchip_memory [altera_avalon_onchip_memory2 20.1]
Progress: Parameterizing module onchip_memory
Progress: Adding timer [altera_avalon_timer 20.1]
Progress: Parameterizing module timer
Progress: Building connections
Progress: Parameterizing connections
Progress: Validating
Progress: Done reading input file
Info: nios_accelerometer.Switches: PIO inputs are not hardwired in test bench. Undefined values will be read from PIO inputs during simulation.
Info: nios_accelerometer.buttons: PIO inputs are not hardwired in test bench. Undefined values will be read from PIO inputs during simulation.
Info: nios_accelerometer.jtag_uart: JTAG UART IP input clock need to be at least double (2x) the operating frequency of JTAG TCK on board
Info: nios_accelerometer: Generating nios_accelerometer "nios_accelerometer" for QUARTUS_SYNTH
Info: Switches: Starting RTL generation for module 'nios_accelerometer_Switches'
Info: Switches:   Generation command is [exec C:/intelfpga_lite/20.1/quartus/bin64/perl/bin/perl.exe -I C:/intelfpga_lite/20.1/quartus/bin64/perl/lib -I C:/intelfpga_lite/20.1/quartus/sopc_builder/bin/europa -I C:/intelfpga_lite/20.1/quartus/sopc_builder/bin -I C:/intelfpga_lite/20.1/quartus/../ip/altera/sopc_builder_ip/common -I C:/intelfpga_lite/20.1/quartus/../ip/altera/sopc_builder_ip/altera_avalon_pio -- C:/intelfpga_lite/20.1/quartus/../ip/altera/sopc_builder_ip/altera_avalon_pio/generate_rtl.pl --name=nios_accelerometer_Switches --dir=C:/Users/diego/AppData/Local/Temp/alt9418_1541746974351507736.dir/0002_Switches_gen/ --quartus_dir=C:/intelfpga_lite/20.1/quartus --verilog --config=C:/Users/diego/AppData/Local/Temp/alt9418_1541746974351507736.dir/0002_Switches_gen//nios_accelerometer_Switches_component_configuration.pl  --do_build_sim=0  ]
Info: Switches: Done RTL generation for module 'nios_accelerometer_Switches'
Info: Switches: "nios_accelerometer" instantiated altera_avalon_pio "Switches"
Info: accelerometer_spi: Starting Generation of the Accelerometer Controller in SPI mode
Info: accelerometer_spi: "nios_accelerometer" instantiated altera_up_avalon_accelerometer_spi "accelerometer_spi"
Info: buttons: Starting RTL generation for module 'nios_accelerometer_buttons'
Info: buttons:   Generation command is [exec C:/intelfpga_lite/20.1/quartus/bin64/perl/bin/perl.exe -I C:/intelfpga_lite/20.1/quartus/bin64/perl/lib -I C:/intelfpga_lite/20.1/quartus/sopc_builder/bin/europa -I C:/intelfpga_lite/20.1/quartus/sopc_builder/bin -I C:/intelfpga_lite/20.1/quartus/../ip/altera/sopc_builder_ip/common -I C:/intelfpga_lite/20.1/quartus/../ip/altera/sopc_builder_ip/altera_avalon_pio -- C:/intelfpga_lite/20.1/quartus/../ip/altera/sopc_builder_ip/altera_avalon_pio/generate_rtl.pl --name=nios_accelerometer_buttons --dir=C:/Users/diego/AppData/Local/Temp/alt9418_1541746974351507736.dir/0004_buttons_gen/ --quartus_dir=C:/intelfpga_lite/20.1/quartus --verilog --config=C:/Users/diego/AppData/Local/Temp/alt9418_1541746974351507736.dir/0004_buttons_gen//nios_accelerometer_buttons_component_configuration.pl  --do_build_sim=0  ]
Info: buttons: Done RTL generation for module 'nios_accelerometer_buttons'
Info: buttons: "nios_accelerometer" instantiated altera_avalon_pio "buttons"
Info: cpu: "nios_accelerometer" instantiated altera_nios2_gen2 "cpu"
Info: hex_0: Starting RTL generation for module 'nios_accelerometer_hex_0'
Info: hex_0:   Generation command is [exec C:/intelfpga_lite/20.1/quartus/bin64/perl/bin/perl.exe -I C:/intelfpga_lite/20.1/quartus/bin64/perl/lib -I C:/intelfpga_lite/20.1/quartus/sopc_builder/bin/europa -I C:/intelfpga_lite/20.1/quartus/sopc_builder/bin -I C:/intelfpga_lite/20.1/quartus/../ip/altera/sopc_builder_ip/common -I C:/intelfpga_lite/20.1/quartus/../ip/altera/sopc_builder_ip/altera_avalon_pio -- C:/intelfpga_lite/20.1/quartus/../ip/altera/sopc_builder_ip/altera_avalon_pio/generate_rtl.pl --name=nios_accelerometer_hex_0 --dir=C:/Users/diego/AppData/Local/Temp/alt9418_1541746974351507736.dir/0005_hex_0_gen/ --quartus_dir=C:/intelfpga_lite/20.1/quartus --verilog --config=C:/Users/diego/AppData/Local/Temp/alt9418_1541746974351507736.dir/0005_hex_0_gen//nios_accelerometer_hex_0_component_configuration.pl  --do_build_sim=0  ]
Info: hex_0: Done RTL generation for module 'nios_accelerometer_hex_0'
Info: hex_0: "nios_accelerometer" instantiated altera_avalon_pio "hex_0"
Info: jtag_uart: Starting RTL generation for module 'nios_accelerometer_jtag_uart'
Info: jtag_uart:   Generation command is [exec C:/intelfpga_lite/20.1/quartus/bin64/perl/bin/perl.exe -I C:/intelfpga_lite/20.1/quartus/bin64/perl/lib -I C:/intelfpga_lite/20.1/quartus/sopc_builder/bin/europa -I C:/intelfpga_lite/20.1/quartus/sopc_builder/bin -I C:/intelfpga_lite/20.1/quartus/../ip/altera/sopc_builder_ip/common -I C:/intelfpga_lite/20.1/quartus/../ip/altera/sopc_builder_ip/altera_avalon_jtag_uart -- C:/intelfpga_lite/20.1/quartus/../ip/altera/sopc_builder_ip/altera_avalon_jtag_uart/generate_rtl.pl --name=nios_accelerometer_jtag_uart --dir=C:/Users/diego/AppData/Local/Temp/alt9418_1541746974351507736.dir/0006_jtag_uart_gen/ --quartus_dir=C:/intelfpga_lite/20.1/quartus --verilog --config=C:/Users/diego/AppData/Local/Temp/alt9418_1541746974351507736.dir/0006_jtag_uart_gen//nios_accelerometer_jtag_uart_component_configuration.pl  --do_build_sim=0  ]
Info: jtag_uart: Done RTL generation for module 'nios_accelerometer_jtag_uart'
Info: jtag_uart: "nios_accelerometer" instantiated altera_avalon_jtag_uart "jtag_uart"
Info: led: Starting RTL generation for module 'nios_accelerometer_led'
Info: led:   Generation command is [exec C:/intelfpga_lite/20.1/quartus/bin64/perl/bin/perl.exe -I C:/intelfpga_lite/20.1/quartus/bin64/perl/lib -I C:/intelfpga_lite/20.1/quartus/sopc_builder/bin/europa -I C:/intelfpga_lite/20.1/quartus/sopc_builder/bin -I C:/intelfpga_lite/20.1/quartus/../ip/altera/sopc_builder_ip/common -I C:/intelfpga_lite/20.1/quartus/../ip/altera/sopc_builder_ip/altera_avalon_pio -- C:/intelfpga_lite/20.1/quartus/../ip/altera/sopc_builder_ip/altera_avalon_pio/generate_rtl.pl --name=nios_accelerometer_led --dir=C:/Users/diego/AppData/Local/Temp/alt9418_1541746974351507736.dir/0007_led_gen/ --quartus_dir=C:/intelfpga_lite/20.1/quartus --verilog --config=C:/Users/diego/AppData/Local/Temp/alt9418_1541746974351507736.dir/0007_led_gen//nios_accelerometer_led_component_configuration.pl  --do_build_sim=0  ]
Info: led: Done RTL generation for module 'nios_accelerometer_led'
Info: led: "nios_accelerometer" instantiated altera_avalon_pio "led"
Info: led_timer: Starting RTL generation for module 'nios_accelerometer_led_timer'
Info: led_timer:   Generation command is [exec C:/intelFPGA_lite/20.1/quartus/bin64//perl/bin/perl.exe -I C:/intelFPGA_lite/20.1/quartus/bin64//perl/lib -I C:/intelfpga_lite/20.1/quartus/sopc_builder/bin/europa -I C:/intelfpga_lite/20.1/quartus/sopc_builder/bin -I C:/intelfpga_lite/20.1/quartus/../ip/altera/sopc_builder_ip/common -I C:/intelfpga_lite/20.1/quartus/../ip/altera/sopc_builder_ip/altera_avalon_timer -- C:/intelfpga_lite/20.1/quartus/../ip/altera/sopc_builder_ip/altera_avalon_timer/generate_rtl.pl --name=nios_accelerometer_led_timer --dir=C:/Users/diego/AppData/Local/Temp/alt9418_1541746974351507736.dir/0008_led_timer_gen/ --quartus_dir=C:/intelfpga_lite/20.1/quartus --verilog --config=C:/Users/diego/AppData/Local/Temp/alt9418_1541746974351507736.dir/0008_led_timer_gen//nios_accelerometer_led_timer_component_configuration.pl  --do_build_sim=0  ]
Info: led_timer: Done RTL generation for module 'nios_accelerometer_led_timer'
Info: led_timer: "nios_accelerometer" instantiated altera_avalon_timer "led_timer"
Info: onchip_memory: Starting RTL generation for module 'nios_accelerometer_onchip_memory'
Info: onchip_memory:   Generation command is [exec C:/intelfpga_lite/20.1/quartus/bin64/perl/bin/perl.exe -I C:/intelfpga_lite/20.1/quartus/bin64/perl/lib -I C:/intelfpga_lite/20.1/quartus/sopc_builder/bin/europa -I C:/intelfpga_lite/20.1/quartus/sopc_builder/bin -I C:/intelfpga_lite/20.1/quartus/../ip/altera/sopc_builder_ip/common -I C:/intelfpga_lite/20.1/quartus/../ip/altera/sopc_builder_ip/altera_avalon_onchip_memory2 -- C:/intelfpga_lite/20.1/quartus/../ip/altera/sopc_builder_ip/altera_avalon_onchip_memory2/generate_rtl.pl --name=nios_accelerometer_onchip_memory --dir=C:/Users/diego/AppData/Local/Temp/alt9418_1541746974351507736.dir/0009_onchip_memory_gen/ --quartus_dir=C:/intelfpga_lite/20.1/quartus --verilog --config=C:/Users/diego/AppData/Local/Temp/alt9418_1541746974351507736.dir/0009_onchip_memory_gen//nios_accelerometer_onchip_memory_component_configuration.pl  --do_build_sim=0  ]
Info: onchip_memory: Done RTL generation for module 'nios_accelerometer_onchip_memory'
Info: onchip_memory: "nios_accelerometer" instantiated altera_avalon_onchip_memory2 "onchip_memory"
Info: avalon_st_adapter: Inserting error_adapter: error_adapter_0
Info: avalon_st_adapter_001: Inserting error_adapter: error_adapter_0
Info: avalon_st_adapter_002: Inserting error_adapter: error_adapter_0
Info: avalon_st_adapter_003: Inserting error_adapter: error_adapter_0
Info: avalon_st_adapter_004: Inserting error_adapter: error_adapter_0
Info: avalon_st_adapter_005: Inserting error_adapter: error_adapter_0
Info: avalon_st_adapter_006: Inserting error_adapter: error_adapter_0
Info: avalon_st_adapter_007: Inserting error_adapter: error_adapter_0
Info: avalon_st_adapter_008: Inserting error_adapter: error_adapter_0
Info: avalon_st_adapter_009: Inserting error_adapter: error_adapter_0
Info: avalon_st_adapter_010: Inserting error_adapter: error_adapter_0
Info: avalon_st_adapter_011: Inserting error_adapter: error_adapter_0
Info: avalon_st_adapter_012: Inserting error_adapter: error_adapter_0
Info: avalon_st_adapter_013: Inserting error_adapter: error_adapter_0
Info: avalon_st_adapter_014: Inserting error_adapter: error_adapter_0
Info: mm_interconnect_0: "nios_accelerometer" instantiated altera_mm_interconnect "mm_interconnect_0"
Info: irq_mapper: "nios_accelerometer" instantiated altera_irq_mapper "irq_mapper"
Info: rst_controller: "nios_accelerometer" instantiated altera_reset_controller "rst_controller"
Info: cpu: Starting RTL generation for module 'nios_accelerometer_cpu_cpu'
Info: cpu:   Generation command is [exec C:/intelFPGA_lite/20.1/quartus/bin64//perl/bin/perl.exe -I C:/intelFPGA_lite/20.1/quartus/bin64//perl/lib -I C:/intelfpga_lite/20.1/quartus/sopc_builder/bin/europa -I C:/intelfpga_lite/20.1/quartus/sopc_builder/bin -I C:/intelfpga_lite/20.1/quartus/../ip/altera/nios2_ip/altera_nios2_gen2/cpu_lib -I C:/intelfpga_lite/20.1/quartus/../ip/altera/nios2_ip/altera_nios2_gen2/nios_lib -I C:/intelfpga_lite/20.1/quartus/../ip/altera/nios2_ip/altera_nios2_gen2 -I C:/intelfpga_lite/20.1/quartus/../ip/altera/nios2_ip/altera_nios2_gen2 -- C:/intelfpga_lite/20.1/quartus/../ip/altera/nios2_ip/altera_nios2_gen2/generate_rtl.pl --name=nios_accelerometer_cpu_cpu --dir=C:/Users/diego/AppData/Local/Temp/alt9418_1541746974351507736.dir/0012_cpu_gen/ --quartus_bindir=C:/intelFPGA_lite/20.1/quartus/bin64/ --verilog --config=C:/Users/diego/AppData/Local/Temp/alt9418_1541746974351507736.dir/0012_cpu_gen//nios_accelerometer_cpu_cpu_processor_configuration.pl  --do_build_sim=0  ]
Info: cpu: # 2023.03.02 00:58:35 (*) Starting Nios II generation
Info: cpu: # 2023.03.02 00:58:35 (*)   Elaborating CPU configuration settings
Info: cpu: # 2023.03.02 00:58:35 (*)   Creating all objects for CPU
Info: cpu: # 2023.03.02 00:58:35 (*)   Generating RTL from CPU objects
Info: cpu: # 2023.03.02 00:58:35 (*)   Creating plain-text RTL
Info: cpu: # 2023.03.02 00:58:35 (*) Done Nios II generation
Info: cpu: Done RTL generation for module 'nios_accelerometer_cpu_cpu'
Info: cpu: "cpu" instantiated altera_nios2_gen2_unit "cpu"
Info: cpu_data_master_translator: "mm_interconnect_0" instantiated altera_merlin_master_translator "cpu_data_master_translator"
Info: accelerometer_spi_avalon_accelerometer_spi_mode_slave_translator: "mm_interconnect_0" instantiated altera_merlin_slave_translator "accelerometer_spi_avalon_accelerometer_spi_mode_slave_translator"
Info: cpu_data_master_agent: "mm_interconnect_0" instantiated altera_merlin_master_agent "cpu_data_master_agent"
Info: accelerometer_spi_avalon_accelerometer_spi_mode_slave_agent: "mm_interconnect_0" instantiated altera_merlin_slave_agent "accelerometer_spi_avalon_accelerometer_spi_mode_slave_agent"
Info: accelerometer_spi_avalon_accelerometer_spi_mode_slave_agent_rsp_fifo: "mm_interconnect_0" instantiated altera_avalon_sc_fifo "accelerometer_spi_avalon_accelerometer_spi_mode_slave_agent_rsp_fifo"
Info: router: "mm_interconnect_0" instantiated altera_merlin_router "router"
Info: router_001: "mm_interconnect_0" instantiated altera_merlin_router "router_001"
Info: router_002: "mm_interconnect_0" instantiated altera_merlin_router "router_002"
Info: router_003: "mm_interconnect_0" instantiated altera_merlin_router "router_003"
Info: router_004: "mm_interconnect_0" instantiated altera_merlin_router "router_004"
Info: accelerometer_spi_avalon_accelerometer_spi_mode_slave_burst_adapter: "mm_interconnect_0" instantiated altera_merlin_burst_adapter "accelerometer_spi_avalon_accelerometer_spi_mode_slave_burst_adapter"
Info: cmd_demux: "mm_interconnect_0" instantiated altera_merlin_demultiplexer "cmd_demux"
Info: cmd_demux_001: "mm_interconnect_0" instantiated altera_merlin_demultiplexer "cmd_demux_001"
Info: cmd_mux: "mm_interconnect_0" instantiated altera_merlin_multiplexer "cmd_mux"
Info: cmd_mux_002: "mm_interconnect_0" instantiated altera_merlin_multiplexer "cmd_mux_002"
Info: Reusing file C:/Users/diego/OneDrive/Documents/Work/~Year_2/Information_Processing/infoProc22/FPGA/Quartus/nios_accelerometer/synthesis/submodules/altera_merlin_arbitrator.sv
Info: rsp_demux: "mm_interconnect_0" instantiated altera_merlin_demultiplexer "rsp_demux"
Info: rsp_mux: "mm_interconnect_0" instantiated altera_merlin_multiplexer "rsp_mux"
Info: Reusing file C:/Users/diego/OneDrive/Documents/Work/~Year_2/Information_Processing/infoProc22/FPGA/Quartus/nios_accelerometer/synthesis/submodules/altera_merlin_arbitrator.sv
Info: rsp_mux_001: "mm_interconnect_0" instantiated altera_merlin_multiplexer "rsp_mux_001"
Info: Reusing file C:/Users/diego/OneDrive/Documents/Work/~Year_2/Information_Processing/infoProc22/FPGA/Quartus/nios_accelerometer/synthesis/submodules/altera_merlin_arbitrator.sv
Info: accelerometer_spi_avalon_accelerometer_spi_mode_slave_rsp_width_adapter: "mm_interconnect_0" instantiated altera_merlin_width_adapter "accelerometer_spi_avalon_accelerometer_spi_mode_slave_rsp_width_adapter"
Info: Reusing file C:/Users/diego/OneDrive/Documents/Work/~Year_2/Information_Processing/infoProc22/FPGA/Quartus/nios_accelerometer/synthesis/submodules/altera_merlin_address_alignment.sv
Info: Reusing file C:/Users/diego/OneDrive/Documents/Work/~Year_2/Information_Processing/infoProc22/FPGA/Quartus/nios_accelerometer/synthesis/submodules/altera_merlin_burst_uncompressor.sv
Info: avalon_st_adapter: "mm_interconnect_0" instantiated altera_avalon_st_adapter "avalon_st_adapter"
Info: avalon_st_adapter_001: "mm_interconnect_0" instantiated altera_avalon_st_adapter "avalon_st_adapter_001"
Info: error_adapter_0: "avalon_st_adapter" instantiated error_adapter "error_adapter_0"
Info: error_adapter_0: "avalon_st_adapter_001" instantiated error_adapter "error_adapter_0"
Info: nios_accelerometer: Done "nios_accelerometer" with 37 modules, 62 files
Info: qsys-generate succeeded.
Info: Finished: Create HDL design files for synthesis
